<?xml version="1.0" encoding="UTF-8"?>
<testsuite name="jp.sharelock.crypt.PasswordHashTest" tests="9" skipped="0" failures="0" errors="0" timestamp="2017-11-02T08:04:00" hostname="rhino" time="1.845">
  <properties/>
  <testcase name="Simple case" classname="jp.sharelock.crypt.PasswordHashTest" time="0.694"/>
  <testcase name="Using NO-HEADER" classname="jp.sharelock.crypt.PasswordHashTest" time="0.258"/>
  <testcase name="Provided password , default algorithm" classname="jp.sharelock.crypt.PasswordHashTest" time="0.253"/>
  <testcase name="Provided password and key&lt;salt&gt;" classname="jp.sharelock.crypt.PasswordHashTest" time="0.253"/>
  <testcase name="Provided password and FIXED key&lt;salt&gt;" classname="jp.sharelock.crypt.PasswordHashTest" time="0.266"/>
  <testcase name="SCrypt simple" classname="jp.sharelock.crypt.PasswordHashTest" time="0.073"/>
  <testcase name="SCrypt with salt" classname="jp.sharelock.crypt.PasswordHashTest" time="0.006"/>
  <testcase name="SCrypt with hard-coded salt" classname="jp.sharelock.crypt.PasswordHashTest" time="0.005"/>
  <testcase name="SCrypt incorrect key size should generate a new one" classname="jp.sharelock.crypt.PasswordHashTest" time="0.035"/>
  <system-out><![CDATA[HASH $2y$10$YDjAOTT1XBTtTyLhRhSwKO/josYK3qdP2LED.25Grear5SUJKiTXG
PASS i4a+e@q0lmgX
SALT hYBAUwd5oWCcN521
HASH UhT2OiLQRBLRKFTBaVPtK.OtrdDAwDqtPfgVtWqxTLLVDUSdslahW
PASS lkoesKZ.qGD2
SALT Z5xBCRL3S0uCqto0
HASH $2y$10$Y1TxMDnTW0DJTBHEPSzvOue2I8IV/gQJX.DdsOz9LDURxW1TrgLi.
PASS Hello Earth!
SALT kus8ZUcaKT2FEMqC
HASH $2y$10$mnq/xfjTaX5mwHIbPdrQkelsojHFOINvobcjT2nqwEcT5kgIxgCD.
PASS Hello Earth!
SALT IN  A29B01CE1955719EE8C8929D45FB529A
SALT OUT ��?�?Uq��Ȓ�E�R�
HASH $2y$10$JyRFAtQnlS4DH1yBBffoHes/PbN5NHFU4FLVQkvHmY1gqxzGkY.hy
PASS Hello Earth!
SALT IN  2F44C70AF4A99D4E85277D030E186A26
SALT OUT /D�
���N�'}???j&
HASH using random salt: $s0$8$8$1$A3613B63706692474EB3501E5865D011
SALT ZeTtf7lD3FXUrH2d
SALT IN  X���X*�u(��	n�׆
SALT OUT X���X*�u(��	n�׆
HASH using fixed salt: $s0$14$8$1$EF46E5641409F851B94AE0A3C3BAF1F7
SALT IN  VWSYob8uOI1rxZKx
SALT OUT VWSYob8uOI1rxZKx
HASH using fixed salt: $s0$14$8$1$DF7A3D360498325C72C983868BD378FF
2017-11-02 17:04:02.352 [?[33mW?[0m] ?[32mCrypt ?[33mKey length didn't match the requirement. Generating a new one.?[0m
SALT IN  bjYLlEvRhaMNC9ig8wEl
SALT OUT JcTsM174jz3tFkgq
]]></system-out>
  <system-err><![CDATA[]]></system-err>
</testsuite>
