<?xml version="1.0" encoding="UTF-8"?>
<testsuite name="jp.sharelock.crypt.PasswordHashTest" tests="9" skipped="0" failures="0" errors="0" timestamp="2017-10-23T07:40:54" hostname="ilepehost" time="1.035">
  <properties/>
  <testcase name="Simple case" classname="jp.sharelock.crypt.PasswordHashTest" time="0.218"/>
  <testcase name="Using NO-HEADER" classname="jp.sharelock.crypt.PasswordHashTest" time="0.196"/>
  <testcase name="Provided password , default algorithm" classname="jp.sharelock.crypt.PasswordHashTest" time="0.196"/>
  <testcase name="Provided password and key&lt;salt&gt;" classname="jp.sharelock.crypt.PasswordHashTest" time="0.197"/>
  <testcase name="Provided password and FIXED key&lt;salt&gt;" classname="jp.sharelock.crypt.PasswordHashTest" time="0.199"/>
  <testcase name="SCrypt simple" classname="jp.sharelock.crypt.PasswordHashTest" time="0.008"/>
  <testcase name="SCrypt with salt" classname="jp.sharelock.crypt.PasswordHashTest" time="0.003"/>
  <testcase name="SCrypt with hard-coded salt" classname="jp.sharelock.crypt.PasswordHashTest" time="0.002"/>
  <testcase name="SCrypt incorrect key size should generate a new one" classname="jp.sharelock.crypt.PasswordHashTest" time="0.015"/>
  <system-out><![CDATA[HASH $2y$10$Xx/EO0KycC33KULpSjjzSeU3jUC7dg/JoGEIDOMMFh1H/t5QY23K.
PASS 3_42lR$4qpuI
SALT g0FCc4xNy1ckRYuR
HASH TDPncFfMRDDvcCzAayTMbOilaeTNxRVU8kzTV1E5.5U1PKLKzGKgW
PASS Ur-bSFeN1;k,
SALT TTixxNLQqxMBsENu
HASH $2y$10$KS3DShLLSUrVbTPRLFXpRudIftEQNNAjVHDw6S5K58efquOmMPLBe
PASS Hello Earth!
SALT 1NER3MQkWuTS4vkO
HASH $2y$10$sXArJwnuOnzm3lSIHPru7erx3X1An8IZeIOG/u5qE6ZJeM70nJMCO
PASS Hello Earth!
SALT IN  B990AD2F2A70429D68E6750A251B70F6
SALT OUT ���/*pB�h�u
%?p�
HASH $2y$10$JyRFAtQnlS4DH1yBBffoHes/PbN5NHFU4FLVQkvHmY1gqxzGkY.hy
PASS Hello Earth!
SALT IN  2F44C70AF4A99D4E85277D030E186A26
SALT OUT /D�
���N�'}???j&
HASH using random salt: $s0$8$8$1$A8F6E3C08CEF5AB4C235E8EEC8C79EEA
SALT LCHm8XrLxDKTHb7e
SALT IN  ?g�,�?.<?�R|w4��
SALT OUT ?g�,�?.<?�R|w4��
HASH using fixed salt: $s0$14$8$1$401E7137F216A6876EF547ADE89EA8A1
SALT IN  VWSYob8uOI1rxZKx
SALT OUT VWSYob8uOI1rxZKx
HASH using fixed salt: $s0$14$8$1$DF7A3D360498325C72C983868BD378FF
2017-10-23 16:40:55.246 [?[33mW?[0m] ?[32mCrypt ?[33mKey length didn't match the requirement. Generating a new one.?[0m
SALT IN  g1fEuyrhmOINPG8ngDXr
SALT OUT VtkCaRiAfcyhk0zO
]]></system-out>
  <system-err><![CDATA[]]></system-err>
</testsuite>
