<?xml version="1.0" encoding="UTF-8"?>
<testsuite name="jp.sharelock.crypt.CryptTest" tests="3" skipped="0" failures="0" errors="0" timestamp="2017-10-23T07:40:54" hostname="ilepehost" time="0.039">
  <properties/>
  <testcase name="randomAlpha" classname="jp.sharelock.crypt.CryptTest" time="0.024"/>
  <testcase name="randomPassword" classname="jp.sharelock.crypt.CryptTest" time="0.008"/>
  <testcase name="randomAscii" classname="jp.sharelock.crypt.CryptTest" time="0.007"/>
  <system-out><![CDATA[FXluXHklaBLydR0mORzeg15pXUz0umwlWBHtgULinxg9Lz4wup
ZWTANdAL7O4RaS7ttjI8KAgFJY6r9FRamWintP9l1CBPCy45uP
tkkCmIKkoksxwCayus97hFwS35YoYJSAp7ldASYzoh9z7k3jDl
soXtRoNV397pKsrWlC4XuuPmEpgFN8SD191KrtpIzAiGOkoNYI
TZKswTxRcnmWKLiaVR5o2TMDlVseIdyKPedmhahyQMw16Cvzrv
CPsMfy3nPfYHNVFZL0MSSW7iH0qRAvuxxqkXn1u8u0l3XjvXce
psSgc6yV2lzVIzuFuPUvzeBg610b6zz4d72yRkUzbskQeHn61J
5ItizIiz29p64P4RV0ys0DE3jtm06NoGlNsyTcMgZeyUU1xYTh
UGOzwZb202JGuLdNyFGPTUetPY47BIbe3lDQyjjMQzSgp2T0CW
NQuhhavAZCbnU8DmTdwRuW2LSKJvlWFRrx0qseXeCuBEQngf3v
JsnloVgk1yPRmTO5Ya5sYpDsj38qDZHCVta98Ri8H744sdW07s
;AQkw6xE0vjX4e9lnwhytQrN.9ZGh5kAdTmlhWjlcrzDO9MD:R
+ED,I7ag-F@O3:VWHj+.XZ,YU@dUV8_UW6XIy2TB,QXDDFQc60
YEDDF5TyeBS6Qxz-TYsaXXtvO8QE;8w+Qctgva;l;zBm_o5u;d
eVJyH@6zG8cuB@Cy1nypy7oQGb.-4l8hBGGlijqhK:;0RXVao,
lx79xn+39I9fDfZc5U,c1h3wr+DbjQblxJHM5Jw8E8xjZ+4mU,
yy30RJzjBityCFwu;H2X6;+VTNEh5Z7RWIpApyBUf6OrM69a8a
0WIPWLoxwSgxoVC8;O2cwQDXho8g=qoom.Z6$Cl7A59HOg@s.t
QfgQ0e:p7;1_.pk6$,1Niu=U=hGEm@O$Wf,h:ISXvRQ612=@-z
PM1_$,1WI2DC+2ZdnH_E1S_yQN1+9wY-j,eO:w27ueB+NFXIc9
lu7trxL-ay;cz_9@YjEO558b;cZvx;bw57XJSCcg8D1I@-:S,f
fuPat7pCSz+$j=xVEjAZwSHOH;QD;;RZ$PSWL,EVGWCF=xEafM
([5*A:xzRShV)HfD|K13{g5%*&V_{zLAHDH,QT*|w9NgYP1:]U
B4fBX9P)M((,<Tl.HD#B68'YUNq$m3,m75zr"Zq?i)zx\Jr.(D
k/@j%~]_q:|70OjBIw[%-R8c1awca5RR%hTAy+)S*$"vmuwTDo
`FXaZ2Z0e[-NOENEg&QD,F[VJ@q:L3?CG/'N~%z@.\KJ6m(&sA
]$dg)51>L}=z80R[]?:O64c-o29a4bavM2f$B0G@n:nl!:sxCC
ua&Q=}i}j\#K-W#4k.;uB:>dB=>ydao6?)AA?LxO%)8m),r^fN
%I]*,Z@+]#4(iZ6IJ#~[53dz`maM/},hJlC!({'bDk6E%c3UIh
i"oP1m5rKnbO8gAT?L}CcsVkmx0@b~}3TJfZzdGx#$C6c@_n=8
3mJ%Pe\|oia*G$4d^I,zzcgkq~Av&p09YTSvCb2pEt;c:QF/u_
9yrLVL4:MxfmZr9YtRlh9I4eVe|"IosjSDq]x:xL&\mMjJV<@R
x5t@BZ&A!jI{Oa&?"<l8GOZ}\]PBMIBgV;hvAHM"i[*K14b@'z
]]></system-out>
  <system-err><![CDATA[]]></system-err>
</testsuite>
