<?xml version="1.0" encoding="UTF-8"?>
<testsuite name="jp.sharelock.crypt.CryptTest" tests="3" skipped="0" failures="0" errors="0" timestamp="2017-10-25T06:07:40" hostname="ilepehost" time="0.034">
  <properties/>
  <testcase name="randomAlpha" classname="jp.sharelock.crypt.CryptTest" time="0.018"/>
  <testcase name="randomPassword" classname="jp.sharelock.crypt.CryptTest" time="0.009"/>
  <testcase name="randomAscii" classname="jp.sharelock.crypt.CryptTest" time="0.007"/>
  <system-out><![CDATA[jUiG3WfRJbGJHlI5kFxrmKsZQfsvf33DtDhgesPKXmcG7YEexE
2EjMQHnKqZOI6cpIM6CrllanDPXa8NCZeb4DHjYkjTbujAensX
YdthDK2wSHcLplqSxfHsTzONlTHqZeBIHVYQ6CzH2ZAkT3yT7f
os3QvcV0Ujwmq7juYlF5A9vWHMPuheGcWRrrnt4pMFxeUPMhNV
MxGWLihefC7pJdvclv7ZyUTHCh0uIFqGscgHFpjR8cLvWkpZVX
EPfkTf9LpuBFtds806c1Yjrh5ygFOGVEOVqgkVlk5Vs354UBNE
c1uOAs2bCdFa6rgrj77NFbYGyuveHNfY5qOIVcvuaADFMRY20x
2JxMB3gO08FroXn8habM55gJUINIBXWotnqIS6MKjfMI0LwJfY
DOv6LhoxtdOrU1JXfZoTbY2y27aTWJ8gEr4bqcrnB2xPhze4Ww
vwh3FfqDosEhCInyC3XBPaFg83qlOjVse8O80LGDJKkQlfZfq6
RJ4cXVK5rsNUrzkMilI6609WQOwqCvG3s6P7VIiaNBJ7pwdlWI
5vPigbQjBEclKHH2dR1T26-TS:gxH-mZF74KAvEoHbGqRr$iGl
bA_Z=t9;rHnSzZuN46;b1_5h7H1cEWp7=+$bbicnTNXYM@scW8
9qXv0sKAGj5Qghl;V54Udhr47tq7nEs0zRRFPCzprsqJrQIp65
Lkt5wZu=jhF4WN-R8j.rm9C_xe+ZTchyNpTTAVKH+CuN2qzfxt
.SCOKyBry05qGYkh:Ax$DSHelrnax5Yg:Pbby@ul18y@cm.hKA
KR;MkvuNqJ_G+b88K;jxmq$iY4+W_Y1qQLp7UP:RUBJ7bO$XQ7
Jq3mPx0b-V@j.KR=8iCxkDIL_Hv7FI=S53BNyp3WbjMm,treOu
_cpwUizur.,o=KWfG26pn1Gk7rjZU33yeEH9l_j@:DJNw_uozr
OteX9dRz-n1kBDBsgvvE7ttBBJNNz5;6c@p@emtsvbnGea+6Iv
tKYLKAUpPrKGT:KZL93=gKQ6KpHPUi.-W0QBnuMh,O_6C1qfPb
y_.9e6Uuz25Q0.UwqpgUyF0u-NA9Svoxc:-d9cHe+kFvJ2wjQq
a&0Q0_PIh[|>KbjL4*{IPLY*XH6`Ph1Ou3FPHxA`Qr}pL%H90X
5TpN2M9cl~5vWY){Y:%mBa]K_W0k&dn!LDv*II93oWhL;ikcl>
o%dzcZ$R;XfZ.]C"y=NJ![L2[Ywi@?WB).mQWeAw6\Jl#[*LU?
(~ONz>>)x#9(cdkpTGXfbXBw6exa#H,v{?~z.zTL~#5.%Pr<T{
6bN\$TqGMM+=Ci|U8l1J<%L\3dQb'WdY2A+g]-CX}#jIQ`pnH_
3Lmzmyqa\)fF*k;UNUc1[0ZS`LS8[Uy{^iW{T=x*!&Rl>J}'XO
]m7kFX-y.k[jwddJ@>v@vb~<BTvhXY:J?T]:fs=;\sI3m,z)DL
LMK&4HA&uWQCwUqyU88PTa{lcpzXmSFqm&K#NpyhGFbU-X]sh:
txw]RUS^o))z:)Am$Zw=Ma{[6*(HxQ-V$[Z$.O&5w,cT+pY^dT
j&,h{OgOtwhiK=uB]YX|x!gjh4C%~cKRfuGxD68:}\,Hd0dm:,
}Z'PQC$48UMaBuXb,Sor-m@R.3hy&yMy!udwc%#-m8&;=ER2jL
]]></system-out>
  <system-err><![CDATA[]]></system-err>
</testsuite>
