<?xml version="1.0" encoding="UTF-8"?>
<testsuite name="jp.sharelock.crypt.CryptTest" tests="3" skipped="0" failures="0" errors="0" timestamp="2017-10-19T07:56:20" hostname="rhino" time="0.099">
  <properties/>
  <testcase name="randomAlpha" classname="jp.sharelock.crypt.CryptTest" time="0.044"/>
  <testcase name="randomPassword" classname="jp.sharelock.crypt.CryptTest" time="0.028"/>
  <testcase name="randomAscii" classname="jp.sharelock.crypt.CryptTest" time="0.025"/>
  <system-out><![CDATA[BDU5hJGlrDqrFu64M8ubmYtcelnznEHMCIRt6pkQ34Fqp3deiG
kTmkzz9jiEhu2AyReSP3Ssc5xFobCR56Vh0TQKydu2b834Uldw
kaDBh1Z3DIvnb2m3d8F2Fo9jcxloNBl2sUtnzWJPovp7k9nlV9
kbw0b389SuVf9fgYzfNHUqJyXNMzfwIEg8P5vfGxh9Zw5foivk
Z7nIv1dodiLkNLLepjvZv9t947oQMNrWdvghjHgVOtaLKbVQom
7wBe8OTgRZ2XCliQj6TC4lIfxIX5WTP5As560gZty1Z7k1HblK
YpdGlZsweC5CNT2Qg51mtHqZLCDlCBxvRZ00TPmS5cB2q5vDqk
MIIekaSzgSUEobcv3FmRnpqHcLVUES11e1wZ35N0MFOj8laLMz
BYkWNHNqCC9jhk3wmh1CQ1DwdHnT2lPB4GxSQFuBQWD1l35tbi
WQcOeTCr5AfhF2zmJss7lzc7sksuDv1K3IRMpYfNjZ74zZjhVU
LSeosM8n3JNT6twD3bj4SGT1jnLIqDb8aHKfOcdFGLApGgLE0O
MKie638gX:D.iZ=u0xbmZJwG6ONKMo7BAfm;8dAj0=-kqR2Z1=
zyEoV,Lmz2A=9f_ZTDqcvFq;Hr7bzfG3._OiiYGN.u5b9crfSX
3fn_sAVApmb5ym$qUrzKN6eYQvMCoTq@8jBeFDz.HuL9mnBISI
9Incc5TRk$GQuwGw-TurcXOByEl47;v2wIyw-V,uFpjQsFb;pU
8cs7iN;hfafLeQIaD;=GXAEXrz@=i5iuiX5dm@fXmg0shsOG2p
:3@1XhX=z@+:leP8VBtYGJ=p.X.P4@KPX,86TzCvF_$XV0.zOk
9@QzWOBHNb5$SrHqlU2T-93a.ZMcZLXwnz_3xxplvHOdaRVODe
pf1Zju$l=KSdY35M4,m@iG27:Mb=KZN@BgOU:I:RMREQ@3ZHM+
hPXGEI_tnjukS$:LAl5O+EgBRJ$oX7q5_CS5iYl:7E$LCy27Nm
bVt.hvGO@gL5Tvnykbd5CqRwBQ8F2jblJKJyqFML@JpY.bZkIj
x@eeEs5gQmpAl8MGMeO5huI_Ss,.lhDHaH0:aRi8bjvWVDEQ2R
y9*[xDt}8]uoE$Hw^wn\(g"TUe3|)d-9a8#6W)U.3nP~KHKmt{
gdd&hn1xdy6Jt})vu|7<J}V%E(<`-989\0cPKVG!9w/ud95bP5
=W$vEt5Ws_zr.)|wGq{=l6r-Crb0*:HUicnTzvp1PTjW;+Vqls
Le.x+==(X,)usYSl#ykK78ANO-DYE0N/B`N`pM^oo=fQ$e$ifV
hilH?4=0i52~=/SD^\!TANmj.oU<Wh*^7A&d=I!FZ%NDy4Y4H5
rqLjNs&Qql+b,@O^WK>FlC}srpn}C0]Zw__82ylc,7a2Qz(R)L
cb(3Y4-FE(S1s#}*0xf\x\}Y%zmM4#PNWh5^_k?$1V^+k+/o'P
k~,a]!OV`Z81F=EvxId"ID@1U*=R$I5!H;oO,x=r35yR5?yo,8
u($w=bRSN2Op\\tko1-m);2+C#c8*oK.)Gf&GBbatvXw\SUrY>
Q[yRN)(kQ%[g'@DLR\3<(<]qqi49P+4k[+/}O9L5#\9?-P=&9"
@MkgRCL<!KLE(4g:Gc}z~(43>P8S|F$*-+P!+b:6P/1|wvM&|(
]]></system-out>
  <system-err><![CDATA[]]></system-err>
</testsuite>
