<?xml version="1.0" encoding="UTF-8"?>
<testsuite name="jp.sharelock.crypt.AESTest" tests="3" skipped="0" failures="0" errors="0" timestamp="2017-10-23T07:40:53" hostname="ilepehost" time="0.214">
  <properties/>
  <testcase name="AES Simple" classname="jp.sharelock.crypt.AESTest" time="0.207"/>
  <testcase name="AES Decrypt Message" classname="jp.sharelock.crypt.AESTest" time="0.004"/>
  <testcase name="AES Multiple" classname="jp.sharelock.crypt.AESTest" time="0.003"/>
  <system-out><![CDATA[KEY : 374347616D4975394852355A4167436D5474704F62676667426576524B303558
ENCODED : 6510EBEBF2E054E188C40E4E60F09B95B8453495B4531ABC73542EAD9B7E921A (e?����T��?N`??E4��S?�sT.��~�?)
DECODED : Hello Earth!
ENCODED1 : AB41E429DE17104BF7E5444AB1464358B043130EED0D17A43071F1F68450BC3A
ENCODED2 : 20AD70F4146958B71313421B7C5FA4CC2F9D62C19B3B0BFED1168E3F969F99D7
DECODED : Hello Earth!
]]></system-out>
  <system-err><![CDATA[]]></system-err>
</testsuite>
