<?xml version="1.0" encoding="UTF-8"?>
<testsuite name="jp.sharelock.crypt.AESTest" tests="3" skipped="0" failures="0" errors="0" timestamp="2017-11-02T08:04:02" hostname="rhino" time="0.027">
  <properties/>
  <testcase name="AES Simple" classname="jp.sharelock.crypt.AESTest" time="0.02"/>
  <testcase name="AES Decrypt Message" classname="jp.sharelock.crypt.AESTest" time="0.004"/>
  <testcase name="AES Multiple" classname="jp.sharelock.crypt.AESTest" time="0.003"/>
  <system-out><![CDATA[KEY : 67794579596C314B457344754C507258364F51704B377473594459497A636E4A
ENCODED : C9D0260E18490A81623BA4ED0704A6B16837A2D4EA6F729E2C7DE84DA95D5379 (��&??I
�b;��??��h7���or�,}�M�]Sy)
DECODED : Hello Earth!
ENCODED1 : 298164B1885D9DADA5A44F3645E2038ED4FDC06CB499F3E51FA60375B2227EFC
ENCODED2 : E253CD94F8F19BEACBDF86F69F1679576E9130582D4AC4BCF92CBC03BC939C6F
DECODED : Hello Earth!
]]></system-out>
  <system-err><![CDATA[]]></system-err>
</testsuite>
