<?xml version="1.0" encoding="UTF-8"?>
<testsuite name="jp.sharelock.crypt.PasswordHashTest" tests="9" skipped="0" failures="0" errors="0" timestamp="2017-10-19T07:56:18" hostname="rhino" time="2.118">
  <properties/>
  <testcase name="Simple case" classname="jp.sharelock.crypt.PasswordHashTest" time="0.877"/>
  <testcase name="Using NO-HEADER" classname="jp.sharelock.crypt.PasswordHashTest" time="0.279"/>
  <testcase name="Provided password , default algorithm" classname="jp.sharelock.crypt.PasswordHashTest" time="0.277"/>
  <testcase name="Provided password and key&lt;salt&gt;" classname="jp.sharelock.crypt.PasswordHashTest" time="0.282"/>
  <testcase name="Provided password and FIXED key&lt;salt&gt;" classname="jp.sharelock.crypt.PasswordHashTest" time="0.315"/>
  <testcase name="SCrypt simple" classname="jp.sharelock.crypt.PasswordHashTest" time="0.04"/>
  <testcase name="SCrypt with salt" classname="jp.sharelock.crypt.PasswordHashTest" time="0.005"/>
  <testcase name="SCrypt with hard-coded salt" classname="jp.sharelock.crypt.PasswordHashTest" time="0.004"/>
  <testcase name="SCrypt incorrect key size should generate a new one" classname="jp.sharelock.crypt.PasswordHashTest" time="0.033"/>
  <system-out><![CDATA[HASH $2y$10$TFXHP1Suck7qbSGxRivhWO0tJX37bG1LGm8LBeMUGizwIWJv4FVD2
PASS kUjByOVCjtO@
SALT TvIGu0zoluB3NLca
HASH PVO2R1nSKFS0RUG3XSXGWe.2F9DF5LpxwlxamAmmku.eVUWel74fC
PASS OTkSX291iyyA
SALT Et8OzT0u6Mb9eFHb
HASH $2y$10$LxHsSifgS03MQTbGUimwQuKwXhr9rCx6bZJPQdVBekaqfMs0uqbBW
PASS Hello Earth!
SALT 72nRHbSnNIWHZJ2K
HASH $2y$10$p1zJYHg9sjctWU3ezK9Obu6gE6wynEj.GXKkOvhE4Qo9/le53WQne
PASS Hello Earth!
SALT IN  AF7D4B6898BFBA57AF616E60D4CFD077
SALT OUT �}Kh���W�an`���w
HASH $2y$10$JyRFAtQnlS4DH1yBBffoHes/PbN5NHFU4FLVQkvHmY1gqxzGkY.hy
PASS Hello Earth!
SALT IN  2F44C70AF4A99D4E85277D030E186A26
SALT OUT /D�
���N�'}???j&
HASH using random salt: $s0$8$8$1$2CD6601AAFAAB8DB6C2842FA7DAF1D16
SALT w4Z1q53hZyw000T5
SALT IN  ��Jc����<�W?B]]>&#x7f;<![CDATA[ܠ
SALT OUT ��Jc����<�W?B]]>&#x7f;<![CDATA[ܠ
HASH using fixed salt: $s0$14$8$1$44C01485726BA96987C10FB75B570265
SALT IN  VWSYob8uOI1rxZKx
SALT OUT VWSYob8uOI1rxZKx
HASH using fixed salt: $s0$14$8$1$DF7A3D360498325C72C983868BD378FF
2017-10-19 16:56:20.579 [?[33mW?[0m] ?[32mCrypt ?[33mKey length didn't match the requirement. Generating a new one.?[0m
SALT IN  ekaV1ZoAy0IVeIBVTNfT
SALT OUT lRxK6OEvfvzQ8hBt
]]></system-out>
  <system-err><![CDATA[]]></system-err>
</testsuite>
