<?xml version="1.0" encoding="UTF-8"?>
<testsuite name="jp.sharelock.crypt.AESTest" tests="3" skipped="0" failures="0" errors="0" timestamp="2017-10-25T06:07:39" hostname="ilepehost" time="0.219">
  <properties/>
  <testcase name="AES Simple" classname="jp.sharelock.crypt.AESTest" time="0.213"/>
  <testcase name="AES Decrypt Message" classname="jp.sharelock.crypt.AESTest" time="0.003"/>
  <testcase name="AES Multiple" classname="jp.sharelock.crypt.AESTest" time="0.002"/>
  <system-out><![CDATA[KEY : 724B61383646483079727A4E55474441674A786E50344B7649714773376C3832
ENCODED : 0402DDDE98FE3DB0B4C3E49BAE13526BBE458BCB8100873DB404AB90DDB6EF36 (??�ޘ�=���䛮?Rk�E�ˁ?�=�?��ݶ�6)
DECODED : Hello Earth!
ENCODED1 : E5016D4AC1B57815A32CD98A55A2C9750B5238B17AE1D31071702E0914480E72
ENCODED2 : BF4941CE8A1B0E6771528ECE30A4B7D28A1534B25A541E428302DFC0212909AD
DECODED : Hello Earth!
]]></system-out>
  <system-err><![CDATA[]]></system-err>
</testsuite>
