<?xml version="1.0" encoding="UTF-8"?>
<testsuite name="jp.sharelock.crypt.CryptTest" tests="3" skipped="0" failures="0" errors="0" timestamp="2017-11-02T08:04:02" hostname="rhino" time="0.06">
  <properties/>
  <testcase name="randomAlpha" classname="jp.sharelock.crypt.CryptTest" time="0.032"/>
  <testcase name="randomPassword" classname="jp.sharelock.crypt.CryptTest" time="0.016"/>
  <testcase name="randomAscii" classname="jp.sharelock.crypt.CryptTest" time="0.012"/>
  <system-out><![CDATA[FzR8711rlWtKDDTeByqqibuDUZU2uNUS4gutfGpOi2T4pKPvm9
fn4HkmSqcmFuxnSH1SnEFwj8P4kO7QKRbqHc9QVddKUmSq0L8B
aNF4UmM0H7DvDBiUUem2EfubdqtFq4Qp2tAkqheMYVyHg2Ducp
FvVrnbPyU4fD5wH9JjxJf0MtGxZHah5R4N0UuLUHVihZhpJ25a
F97BWL3siTFB6Oxj07Bp8KSloLPYWJmjqZveEiHW9yGnrOTZlk
xedmKryQUQCUcDtBGtjSKzJMmCSQcGMbC4ukTsRfvPEHwskYWp
oDAUqOhpELf4PmUwPvck1iXaYpMMEqWc5vg39r17LFiBSCuExG
TXrmNHjT5BMhvTyWoJn2E547amHKZ2ORE4ijetUmx0me5h5GDz
uBn7cEZ3wl1ZW8nPwfSUrV6vUjeXBQZd4YIO510cLllPP87CNw
lgyRkz9wL5fQ1HYK8bC9nwPlMiDjqYIczXffAf7Bzk13RQpedR
EkmceNF7aSgI6LX4d0snDJAAXyCvbjnbFgFtadfBucVoTHwH0R
h:u6gGt=ktQfrL7zOiDdewynODS=4xYA:p675rt;JlW6L7=S,1
$+vftKhvxVBJx=qONQy@J2suqmlx2feix3PWHjqt45tms0f:Fk
D@ak4739xf.vCvJmiDkaMy:9Kllgf7nFR$MrKin_jPhemYt17Z
PtCq;EWl_ZjhE-$gj7M@62ga_FD8_td2FoB9now,x:Z.dxLkHu
KY:ON:v;PyQUH2HEu4uPLR9k9VZOV6@QIPZn6pgIbm_I$,@lKm
R9-PRF2VKncKA-D67iV:YSuF_YQE81HAI-FMet,XZqI5TWtK,W
PIS$NR9E+d5NS-PLQAoyrOADdSBb0aKxJNB,GG$3Ns+5J1w5fj
Yn.EwT-E=fcBGkGFEr$i+46FN:RHB3qnxkgmCg2AZX$PmHc;o2
aiu5acZAQDP;JfqzamwCsnlF0T8MBwcSZL5AweojxWJe1cQ$ga
,CjkPge3SQrlPjWSv=8Z,mfmXsNW+yLeJ+Y5Iw0t6DuO00Wi,=
Gp1L:-3oN313QBDN7H-wQ.gn67CRAmr1Vd;HhNx.tZLL;lyK=Y
Y4ONB{t9/\]SfN#uu%_e]g?!egK$54{9/_hc2J`j3VIjx!t2FM
/Kr=<E'?G-lb]W<t>khf1rq{bh~"p)%"O&GUiwz\_>enV'xd'n
M){E[Q_g#_v#;6%5W3)Uw`#LwNGwq!zN9rmy~{&V|rC"pCc>mi
bwppAhw=>4ZF<Z"hI"qS(^ks0vxh`3Z2Du}ynXd>p}CCr_R9Cw
+O}A`VwZP5m6Cuc/S5+gZF|{YZV6`*e?@.5%N|l&7l!0Ya9EU-
%U5b&ED@M9tUjkF]+szvkoY`tx7+DlmdE_8FWex0A.DJ8Q+Oi+
VgqGbp*'VoImM{),@u2$%,%qzbrOA!mQLU*+FN>|#4fjS-R:J^
4JfLW%a0y^#Y3:;a)CN}1/q2nrR^/h2[&p3fLp1_t[f\u'6FLW
=O38(=[iRMo"@rJ_$U5aT\Ik6pCbqQ#jxH8^9UVq1]}U<mq#+;
5&rgWc:G?$eRp<Ti}-QSQacoaU"@($))0P;kYL'#OMSZ]jBH^$
j9L'+I^f:{9z1y#rtq`|a8^moQR(DZWl`}wLiu>:t\GSeKXBug
]]></system-out>
  <system-err><![CDATA[]]></system-err>
</testsuite>
