<?xml version="1.0" encoding="UTF-8"?>
<testsuite name="jp.sharelock.crypt.HashTest" tests="9" skipped="0" failures="0" errors="0" timestamp="2017-11-02T08:04:02" hostname="rhino" time="0.191">
  <properties/>
  <testcase name="MD5 Hash" classname="jp.sharelock.crypt.HashTest" time="0.007"/>
  <testcase name="SHA Hash as default" classname="jp.sharelock.crypt.HashTest" time="0.0"/>
  <testcase name="SHA256 Hash and setting type" classname="jp.sharelock.crypt.HashTest" time="0.001"/>
  <testcase name="SHA512 Hash and Auto-detect-SHA512" classname="jp.sharelock.crypt.HashTest" time="0.004"/>
  <testcase name="MD2 Hash and Auto-detect-MD2" classname="jp.sharelock.crypt.HashTest" time="0.03"/>
  <testcase name="SHA Cost" classname="jp.sharelock.crypt.HashTest" time="0.003"/>
  <testcase name="Hash as bytes and extended algorithm" classname="jp.sharelock.crypt.HashTest" time="0.142"/>
  <testcase name="Static SHA" classname="jp.sharelock.crypt.HashTest" time="0.001"/>
  <testcase name="Static SHA with cost" classname="jp.sharelock.crypt.HashTest" time="0.001"/>
  <system-out><![CDATA[TIGER HASH: A2614727BCA6549236C470392E1E122AC135083B1ECB30AC
It requires BountyCastle to be installed, Refer to the README.md file
]]></system-out>
  <system-err><![CDATA[]]></system-err>
</testsuite>
