<?xml version="1.0" encoding="UTF-8"?>
<testsuite name="jp.sharelock.crypt.PasswordHashTest" tests="9" skipped="0" failures="0" errors="0" timestamp="2017-10-25T06:07:40" hostname="ilepehost" time="1.011">
  <properties/>
  <testcase name="Simple case" classname="jp.sharelock.crypt.PasswordHashTest" time="0.226"/>
  <testcase name="Using NO-HEADER" classname="jp.sharelock.crypt.PasswordHashTest" time="0.191"/>
  <testcase name="Provided password , default algorithm" classname="jp.sharelock.crypt.PasswordHashTest" time="0.191"/>
  <testcase name="Provided password and key&lt;salt&gt;" classname="jp.sharelock.crypt.PasswordHashTest" time="0.19"/>
  <testcase name="Provided password and FIXED key&lt;salt&gt;" classname="jp.sharelock.crypt.PasswordHashTest" time="0.188"/>
  <testcase name="SCrypt simple" classname="jp.sharelock.crypt.PasswordHashTest" time="0.008"/>
  <testcase name="SCrypt with salt" classname="jp.sharelock.crypt.PasswordHashTest" time="0.003"/>
  <testcase name="SCrypt with hard-coded salt" classname="jp.sharelock.crypt.PasswordHashTest" time="0.002"/>
  <testcase name="SCrypt incorrect key size should generate a new one" classname="jp.sharelock.crypt.PasswordHashTest" time="0.011"/>
  <system-out><![CDATA[HASH $2y$10$PTHYLlmyZx/TYhHlT0vJLOdnLiBd1ll4NSzuOuIeM/ZwYgt0TeQOG
PASS H2wjOx,vSVGf
SALT ERZ6z4o0Uj2gWlK5
HASH Uh/3ajntRRHXchPnOyPCXevNQtKxM7.RG8EI4dA.JGcL8LOgI/DrK
PASS BeHQsL,K42AM
SALT Z0yrZoM2Yz4iCDDf
HASH $2y$10$ayX0ZBTfQRDxKRX/WUTSM.jGSQ0kW5LsJM71f7IN.sz8oKL6shYRu
PASS Hello Earth!
SALT sFvl5aI1s16AaeT8
HASH $2y$10$3TCOhXJnxMj/H8fFMgNG8OZnaUvwqyWP9axVW3tgV29M5LzgiEnrO
PASS Hello Earth!
SALT IN  E551108D92E9CCE94127E8473A23C8F9
SALT OUT �Q?�����A'�G:#��
HASH $2y$10$JyRFAtQnlS4DH1yBBffoHes/PbN5NHFU4FLVQkvHmY1gqxzGkY.hy
PASS Hello Earth!
SALT IN  2F44C70AF4A99D4E85277D030E186A26
SALT OUT /D�
���N�'}???j&
HASH using random salt: $s0$8$8$1$BFC5B07E8FBF02353B57D2E6E0631A71
SALT NQ801vhAzPubrWsi
SALT IN  ._�?}�9���?Q??��
SALT OUT ._�?}�9���?Q??��
HASH using fixed salt: $s0$14$8$1$8E6FD702AD83A2E8E5DC1C6DECADA5BC
SALT IN  VWSYob8uOI1rxZKx
SALT OUT VWSYob8uOI1rxZKx
HASH using fixed salt: $s0$14$8$1$DF7A3D360498325C72C983868BD378FF
2017-10-25 15:07:41.285 [?[33mW?[0m] ?[32mCrypt ?[33mKey length didn't match the requirement. Generating a new one.?[0m
SALT IN  ZZx9ru9cGJdkSLXxsj8h
SALT OUT c2JjPqZ1KAHa1E9a
]]></system-out>
  <system-err><![CDATA[]]></system-err>
</testsuite>
