<?xml version="1.0" encoding="UTF-8"?>
<testsuite name="jp.sharelock.db.PoolConnectorTest" tests="2" skipped="0" failures="0" errors="0" timestamp="2017-10-19T07:56:25" hostname="rhino" time="0.507">
  <properties/>
  <testcase name="Testing return-to-pool" classname="jp.sharelock.db.PoolConnectorTest" time="0.483"/>
  <testcase name="Testing disable Pool" classname="jp.sharelock.db.PoolConnectorTest" time="0.019"/>
  <system-out><![CDATA[2017-10-19 16:56:26.110 [?[37mD?[0m] ?[32mDB ?[37mConnecting...?[0m
2017-10-19 16:56:26.138 [?[37mV?[0m] ?[32mDBPool ?[37mConnection added to pool?[0m
2017-10-19 16:56:26.140 [?[37mV?[0m] ?[32mDBPool ?[37mCurrent connections: 1 sleeping: 0?[0m
2017-10-19 16:56:26.142 [?[37mD?[0m] ?[32mPoolConnector ?[37mConnection got from Pool?[0m
2017-10-19 16:56:26.144 [?[37mD?[0m] ?[32mDummyConnector ?[37mIs database open? NO?[0m
2017-10-19 16:56:26.145 [?[37mD?[0m] ?[32mDummyConnector ?[37mDatabase opened?[0m
2017-10-19 16:56:26.147 [?[37mD?[0m] ?[32mPoolConnector ?[37mConnection was opened?[0m
2017-10-19 16:56:26.156 [?[37mD?[0m] ?[32mDB ?[37mConnecting...?[0m
2017-10-19 16:56:26.158 [?[37mV?[0m] ?[32mDBPool ?[37mConnection added to pool?[0m
2017-10-19 16:56:26.159 [?[37mV?[0m] ?[32mDBPool ?[37mCurrent connections: 2 sleeping: 0?[0m
2017-10-19 16:56:26.161 [?[37mD?[0m] ?[32mPoolConnector ?[37mConnection got from Pool?[0m
2017-10-19 16:56:26.162 [?[37mD?[0m] ?[32mDummyConnector ?[37mIs database open? NO?[0m
2017-10-19 16:56:26.164 [?[37mD?[0m] ?[32mDummyConnector ?[37mDatabase opened?[0m
2017-10-19 16:56:26.165 [?[37mD?[0m] ?[32mPoolConnector ?[37mConnection was opened?[0m
2017-10-19 16:56:26.167 [?[37mD?[0m] ?[32mDB ?[37mConnecting...?[0m
2017-10-19 16:56:26.169 [?[37mV?[0m] ?[32mDBPool ?[37mConnection added to pool?[0m
2017-10-19 16:56:26.171 [?[37mV?[0m] ?[32mDBPool ?[37mCurrent connections: 3 sleeping: 0?[0m
2017-10-19 16:56:26.172 [?[37mD?[0m] ?[32mPoolConnector ?[37mConnection got from Pool?[0m
2017-10-19 16:56:26.173 [?[37mD?[0m] ?[32mDummyConnector ?[37mIs database open? NO?[0m
2017-10-19 16:56:26.175 [?[37mD?[0m] ?[32mDummyConnector ?[37mDatabase opened?[0m
2017-10-19 16:56:26.176 [?[37mD?[0m] ?[32mPoolConnector ?[37mConnection was opened?[0m
2017-10-19 16:56:26.178 [?[37mD?[0m] ?[32mDB ?[37mConnecting...?[0m
2017-10-19 16:56:26.180 [?[37mV?[0m] ?[32mDBPool ?[37mConnection added to pool?[0m
2017-10-19 16:56:26.181 [?[37mV?[0m] ?[32mDBPool ?[37mCurrent connections: 4 sleeping: 0?[0m
2017-10-19 16:56:26.183 [?[37mD?[0m] ?[32mPoolConnector ?[37mConnection got from Pool?[0m
2017-10-19 16:56:26.184 [?[37mD?[0m] ?[32mDummyConnector ?[37mIs database open? NO?[0m
2017-10-19 16:56:26.186 [?[37mD?[0m] ?[32mDummyConnector ?[37mDatabase opened?[0m
2017-10-19 16:56:26.189 [?[37mD?[0m] ?[32mPoolConnector ?[37mConnection was opened?[0m
2017-10-19 16:56:26.191 [?[37mD?[0m] ?[32mDB ?[37mConnecting...?[0m
2017-10-19 16:56:26.192 [?[37mV?[0m] ?[32mDBPool ?[37mConnection added to pool?[0m
2017-10-19 16:56:26.193 [?[37mV?[0m] ?[32mDBPool ?[37mCurrent connections: 5 sleeping: 0?[0m
2017-10-19 16:56:26.195 [?[37mD?[0m] ?[32mPoolConnector ?[37mConnection got from Pool?[0m
2017-10-19 16:56:26.196 [?[37mD?[0m] ?[32mDummyConnector ?[37mIs database open? NO?[0m
2017-10-19 16:56:26.197 [?[37mD?[0m] ?[32mDummyConnector ?[37mDatabase opened?[0m
2017-10-19 16:56:26.198 [?[37mD?[0m] ?[32mPoolConnector ?[37mConnection was opened?[0m
2017-10-19 16:56:26.201 [?[37mD?[0m] ?[32mDB ?[37mConnecting...?[0m
2017-10-19 16:56:26.203 [?[37mV?[0m] ?[32mDBPool ?[37mConnection added to pool?[0m
2017-10-19 16:56:26.205 [?[37mV?[0m] ?[32mDBPool ?[37mCurrent connections: 6 sleeping: 0?[0m
2017-10-19 16:56:26.207 [?[37mD?[0m] ?[32mPoolConnector ?[37mConnection got from Pool?[0m
2017-10-19 16:56:26.208 [?[37mD?[0m] ?[32mDummyConnector ?[37mIs database open? NO?[0m
2017-10-19 16:56:26.210 [?[37mD?[0m] ?[32mDummyConnector ?[37mDatabase opened?[0m
2017-10-19 16:56:26.211 [?[37mD?[0m] ?[32mPoolConnector ?[37mConnection was opened?[0m
2017-10-19 16:56:26.213 [?[37mD?[0m] ?[32mDB ?[37mConnecting...?[0m
2017-10-19 16:56:26.215 [?[37mV?[0m] ?[32mDBPool ?[37mConnection added to pool?[0m
2017-10-19 16:56:26.216 [?[37mV?[0m] ?[32mDBPool ?[37mCurrent connections: 7 sleeping: 0?[0m
2017-10-19 16:56:26.218 [?[37mD?[0m] ?[32mPoolConnector ?[37mConnection got from Pool?[0m
2017-10-19 16:56:26.220 [?[37mD?[0m] ?[32mDummyConnector ?[37mIs database open? NO?[0m
2017-10-19 16:56:26.225 [?[37mD?[0m] ?[32mDummyConnector ?[37mDatabase opened?[0m
2017-10-19 16:56:26.227 [?[37mD?[0m] ?[32mPoolConnector ?[37mConnection was opened?[0m
2017-10-19 16:56:26.230 [?[37mD?[0m] ?[32mDB ?[37mConnecting...?[0m
2017-10-19 16:56:26.231 [?[37mV?[0m] ?[32mDBPool ?[37mConnection added to pool?[0m
2017-10-19 16:56:26.233 [?[37mV?[0m] ?[32mDBPool ?[37mCurrent connections: 8 sleeping: 0?[0m
2017-10-19 16:56:26.234 [?[37mD?[0m] ?[32mPoolConnector ?[37mConnection got from Pool?[0m
2017-10-19 16:56:26.235 [?[37mD?[0m] ?[32mDummyConnector ?[37mIs database open? NO?[0m
2017-10-19 16:56:26.237 [?[37mD?[0m] ?[32mDummyConnector ?[37mDatabase opened?[0m
2017-10-19 16:56:26.238 [?[37mD?[0m] ?[32mPoolConnector ?[37mConnection was opened?[0m
2017-10-19 16:56:26.240 [?[37mD?[0m] ?[32mDB ?[37mConnecting...?[0m
2017-10-19 16:56:26.242 [?[37mV?[0m] ?[32mDBPool ?[37mConnection added to pool?[0m
2017-10-19 16:56:26.243 [?[37mV?[0m] ?[32mDBPool ?[37mCurrent connections: 9 sleeping: 0?[0m
2017-10-19 16:56:26.244 [?[37mD?[0m] ?[32mPoolConnector ?[37mConnection got from Pool?[0m
2017-10-19 16:56:26.246 [?[37mD?[0m] ?[32mDummyConnector ?[37mIs database open? NO?[0m
2017-10-19 16:56:26.247 [?[37mD?[0m] ?[32mDummyConnector ?[37mDatabase opened?[0m
2017-10-19 16:56:26.248 [?[37mD?[0m] ?[32mPoolConnector ?[37mConnection was opened?[0m
2017-10-19 16:56:26.251 [?[37mD?[0m] ?[32mDB ?[37mConnecting...?[0m
2017-10-19 16:56:26.252 [?[37mV?[0m] ?[32mDBPool ?[37mConnection added to pool?[0m
2017-10-19 16:56:26.254 [?[37mV?[0m] ?[32mDBPool ?[37mCurrent connections: 10 sleeping: 0?[0m
2017-10-19 16:56:26.255 [?[37mD?[0m] ?[32mPoolConnector ?[37mConnection got from Pool?[0m
2017-10-19 16:56:26.256 [?[37mD?[0m] ?[32mDummyConnector ?[37mIs database open? NO?[0m
2017-10-19 16:56:26.257 [?[37mD?[0m] ?[32mDummyConnector ?[37mDatabase opened?[0m
2017-10-19 16:56:26.259 [?[37mD?[0m] ?[32mPoolConnector ?[37mConnection was opened?[0m
2017-10-19 16:56:26.262 [?[37mD?[0m] ?[32mDB ?[37mClosing connection...?[0m
2017-10-19 16:56:26.264 [?[37mD?[0m] ?[32mPoolConnector ?[37mConnection returned.?[0m
2017-10-19 16:56:26.267 [?[37mD?[0m] ?[32mDB ?[37mClosing connection...?[0m
2017-10-19 16:56:26.268 [?[37mD?[0m] ?[32mPoolConnector ?[37mConnection returned.?[0m
2017-10-19 16:56:26.270 [?[37mD?[0m] ?[32mDB ?[37mClosing connection...?[0m
2017-10-19 16:56:26.272 [?[37mD?[0m] ?[32mPoolConnector ?[37mConnection returned.?[0m
2017-10-19 16:56:26.273 [?[37mD?[0m] ?[32mDB ?[37mClosing connection...?[0m
2017-10-19 16:56:26.274 [?[37mD?[0m] ?[32mPoolConnector ?[37mConnection returned.?[0m
2017-10-19 16:56:26.276 [?[37mD?[0m] ?[32mDB ?[37mClosing connection...?[0m
2017-10-19 16:56:26.277 [?[37mD?[0m] ?[32mPoolConnector ?[37mConnection returned.?[0m
2017-10-19 16:56:26.279 [?[37mD?[0m] ?[32mDB ?[37mClosing connection...?[0m
2017-10-19 16:56:26.280 [?[37mD?[0m] ?[32mPoolConnector ?[37mConnection returned.?[0m
2017-10-19 16:56:26.282 [?[37mD?[0m] ?[32mDB ?[37mClosing connection...?[0m
2017-10-19 16:56:26.283 [?[37mD?[0m] ?[32mPoolConnector ?[37mConnection returned.?[0m
2017-10-19 16:56:26.285 [?[37mD?[0m] ?[32mDB ?[37mClosing connection...?[0m
2017-10-19 16:56:26.287 [?[37mD?[0m] ?[32mPoolConnector ?[37mConnection returned.?[0m
2017-10-19 16:56:26.290 [?[37mD?[0m] ?[32mDB ?[37mConnecting...?[0m
2017-10-19 16:56:26.291 [?[37mV?[0m] ?[32mDBPool ?[37mCurrent connections: 3 sleeping: 7?[0m
2017-10-19 16:56:26.293 [?[37mD?[0m] ?[32mPoolConnector ?[37mConnection got from Pool?[0m
2017-10-19 16:56:26.294 [?[37mD?[0m] ?[32mDummyConnector ?[37mIs database open? YES?[0m
2017-10-19 16:56:26.296 [?[37mD?[0m] ?[32mDB ?[37mConnecting...?[0m
2017-10-19 16:56:26.298 [?[37mV?[0m] ?[32mDBPool ?[37mCurrent connections: 4 sleeping: 6?[0m
2017-10-19 16:56:26.299 [?[37mD?[0m] ?[32mPoolConnector ?[37mConnection got from Pool?[0m
2017-10-19 16:56:26.301 [?[37mD?[0m] ?[32mDummyConnector ?[37mIs database open? YES?[0m
2017-10-19 16:56:26.302 [?[37mD?[0m] ?[32mDB ?[37mConnecting...?[0m
2017-10-19 16:56:26.304 [?[37mV?[0m] ?[32mDBPool ?[37mCurrent connections: 5 sleeping: 5?[0m
2017-10-19 16:56:26.305 [?[37mD?[0m] ?[32mPoolConnector ?[37mConnection got from Pool?[0m
2017-10-19 16:56:26.307 [?[37mD?[0m] ?[32mDummyConnector ?[37mIs database open? YES?[0m
2017-10-19 16:56:26.308 [?[37mD?[0m] ?[32mDB ?[37mConnecting...?[0m
2017-10-19 16:56:26.310 [?[37mV?[0m] ?[32mDBPool ?[37mCurrent connections: 6 sleeping: 4?[0m
2017-10-19 16:56:26.312 [?[37mD?[0m] ?[32mPoolConnector ?[37mConnection got from Pool?[0m
2017-10-19 16:56:26.313 [?[37mD?[0m] ?[32mDummyConnector ?[37mIs database open? YES?[0m
2017-10-19 16:56:26.316 [?[37mD?[0m] ?[32mDB ?[37mConnecting...?[0m
2017-10-19 16:56:26.318 [?[37mV?[0m] ?[32mDBPool ?[37mCurrent connections: 7 sleeping: 3?[0m
2017-10-19 16:56:26.319 [?[37mD?[0m] ?[32mPoolConnector ?[37mConnection got from Pool?[0m
2017-10-19 16:56:26.321 [?[37mD?[0m] ?[32mDummyConnector ?[37mIs database open? YES?[0m
2017-10-19 16:56:26.323 [?[37mD?[0m] ?[32mDB ?[37mConnecting...?[0m
2017-10-19 16:56:26.325 [?[37mV?[0m] ?[32mDBPool ?[37mCurrent connections: 8 sleeping: 2?[0m
2017-10-19 16:56:26.326 [?[37mD?[0m] ?[32mPoolConnector ?[37mConnection got from Pool?[0m
2017-10-19 16:56:26.328 [?[37mD?[0m] ?[32mDummyConnector ?[37mIs database open? YES?[0m
2017-10-19 16:56:26.330 [?[37mD?[0m] ?[32mDB ?[37mConnecting...?[0m
2017-10-19 16:56:26.331 [?[37mV?[0m] ?[32mDBPool ?[37mCurrent connections: 9 sleeping: 1?[0m
2017-10-19 16:56:26.333 [?[37mD?[0m] ?[32mPoolConnector ?[37mConnection got from Pool?[0m
2017-10-19 16:56:26.334 [?[37mD?[0m] ?[32mDummyConnector ?[37mIs database open? YES?[0m
2017-10-19 16:56:26.336 [?[37mD?[0m] ?[32mDB ?[37mConnecting...?[0m
2017-10-19 16:56:26.338 [?[37mV?[0m] ?[32mDBPool ?[37mCurrent connections: 10 sleeping: 0?[0m
2017-10-19 16:56:26.339 [?[37mD?[0m] ?[32mPoolConnector ?[37mConnection got from Pool?[0m
2017-10-19 16:56:26.340 [?[37mD?[0m] ?[32mDummyConnector ?[37mIs database open? YES?[0m
2017-10-19 16:56:26.343 [?[37mD?[0m] ?[32mDB ?[37mClosing connection...?[0m
2017-10-19 16:56:26.345 [?[37mD?[0m] ?[32mPoolConnector ?[37mConnection returned.?[0m
2017-10-19 16:56:26.346 [?[37mD?[0m] ?[32mDB ?[37mClosing connection...?[0m
2017-10-19 16:56:26.348 [?[37mD?[0m] ?[32mPoolConnector ?[37mConnection returned.?[0m
2017-10-19 16:56:26.350 [?[37mD?[0m] ?[32mDB ?[37mClosing connection...?[0m
2017-10-19 16:56:26.351 [?[37mD?[0m] ?[32mPoolConnector ?[37mConnection returned.?[0m
2017-10-19 16:56:26.353 [?[37mD?[0m] ?[32mDB ?[37mClosing connection...?[0m
2017-10-19 16:56:26.354 [?[37mD?[0m] ?[32mPoolConnector ?[37mConnection returned.?[0m
2017-10-19 16:56:26.356 [?[37mD?[0m] ?[32mDB ?[37mClosing connection...?[0m
2017-10-19 16:56:26.358 [?[37mD?[0m] ?[32mPoolConnector ?[37mConnection returned.?[0m
2017-10-19 16:56:26.359 [?[37mD?[0m] ?[32mDB ?[37mClosing connection...?[0m
2017-10-19 16:56:26.361 [?[37mD?[0m] ?[32mPoolConnector ?[37mConnection returned.?[0m
2017-10-19 16:56:26.362 [?[37mD?[0m] ?[32mDB ?[37mClosing connection...?[0m
2017-10-19 16:56:26.363 [?[37mD?[0m] ?[32mPoolConnector ?[37mConnection returned.?[0m
2017-10-19 16:56:26.365 [?[37mD?[0m] ?[32mDB ?[37mClosing connection...?[0m
2017-10-19 16:56:26.367 [?[37mD?[0m] ?[32mPoolConnector ?[37mConnection returned.?[0m
2017-10-19 16:56:26.370 [?[37mD?[0m] ?[32mDB ?[37mClosing connection...?[0m
2017-10-19 16:56:26.371 [?[37mD?[0m] ?[32mPoolConnector ?[37mConnection returned.?[0m
2017-10-19 16:56:26.373 [?[37mD?[0m] ?[32mDB ?[37mClosing connection...?[0m
2017-10-19 16:56:26.374 [?[37mD?[0m] ?[32mPoolConnector ?[37mConnection returned.?[0m
2017-10-19 16:56:26.401 [?[37mD?[0m] ?[32mDB ?[37mConnecting...?[0m
2017-10-19 16:56:26.402 [?[37mV?[0m] ?[32mDBPool ?[37mCurrent connections: 1 sleeping: 9?[0m
2017-10-19 16:56:26.403 [?[37mD?[0m] ?[32mPoolConnector ?[37mConnection got from Pool?[0m
2017-10-19 16:56:26.404 [?[37mD?[0m] ?[32mDummyConnector ?[37mIs database open? YES?[0m
2017-10-19 16:56:26.411 [?[37mD?[0m] ?[32mDB ?[37mConnecting...?[0m
2017-10-19 16:56:26.412 [?[37mV?[0m] ?[32mDBPool ?[37mCurrent connections: 2 sleeping: 8?[0m
2017-10-19 16:56:26.413 [?[37mD?[0m] ?[32mPoolConnector ?[37mConnection got from Pool?[0m
2017-10-19 16:56:26.414 [?[37mD?[0m] ?[32mDummyConnector ?[37mIs database open? YES?[0m
2017-10-19 16:56:26.416 [?[37mD?[0m] ?[32mDB ?[37mClosing connection...?[0m
2017-10-19 16:56:26.417 [?[37mD?[0m] ?[32mPoolConnector ?[37mConnection returned.?[0m
2017-10-19 16:56:26.418 [?[37mD?[0m] ?[32mDB ?[37mClosing connection...?[0m
2017-10-19 16:56:26.418 [?[37mD?[0m] ?[32mPoolConnector ?[37mConnection returned.?[0m
]]></system-out>
  <system-err><![CDATA[]]></system-err>
</testsuite>
