<?xml version="1.0" encoding="UTF-8"?>
<testsuite name="jp.sharelock.db.PoolConnectorTest" tests="2" skipped="0" failures="0" errors="0" timestamp="2017-10-25T06:07:42" hostname="ilepehost" time="0.194">
  <properties/>
  <testcase name="Testing return-to-pool" classname="jp.sharelock.db.PoolConnectorTest" time="0.189"/>
  <testcase name="Testing disable Pool" classname="jp.sharelock.db.PoolConnectorTest" time="0.005"/>
  <system-out><![CDATA[2017-10-25 15:07:42.753 [?[37mD?[0m] ?[32mDB ?[37mConnecting...?[0m
2017-10-25 15:07:42.765 [?[37mV?[0m] ?[32mDBPool ?[37mConnection added to pool?[0m
2017-10-25 15:07:42.766 [?[37mV?[0m] ?[32mDBPool ?[37mCurrent connections: 1 sleeping: 0?[0m
2017-10-25 15:07:42.767 [?[37mD?[0m] ?[32mPoolConnector ?[37mConnection got from Pool?[0m
2017-10-25 15:07:42.768 [?[37mD?[0m] ?[32mDummyConnector ?[37mIs database open? NO?[0m
2017-10-25 15:07:42.769 [?[37mD?[0m] ?[32mDummyConnector ?[37mDatabase opened?[0m
2017-10-25 15:07:42.770 [?[37mD?[0m] ?[32mPoolConnector ?[37mConnection was opened?[0m
2017-10-25 15:07:42.775 [?[37mD?[0m] ?[32mDB ?[37mConnecting...?[0m
2017-10-25 15:07:42.775 [?[37mV?[0m] ?[32mDBPool ?[37mConnection added to pool?[0m
2017-10-25 15:07:42.776 [?[37mV?[0m] ?[32mDBPool ?[37mCurrent connections: 2 sleeping: 0?[0m
2017-10-25 15:07:42.777 [?[37mD?[0m] ?[32mPoolConnector ?[37mConnection got from Pool?[0m
2017-10-25 15:07:42.777 [?[37mD?[0m] ?[32mDummyConnector ?[37mIs database open? NO?[0m
2017-10-25 15:07:42.778 [?[37mD?[0m] ?[32mDummyConnector ?[37mDatabase opened?[0m
2017-10-25 15:07:42.778 [?[37mD?[0m] ?[32mPoolConnector ?[37mConnection was opened?[0m
2017-10-25 15:07:42.779 [?[37mD?[0m] ?[32mDB ?[37mConnecting...?[0m
2017-10-25 15:07:42.780 [?[37mV?[0m] ?[32mDBPool ?[37mConnection added to pool?[0m
2017-10-25 15:07:42.780 [?[37mV?[0m] ?[32mDBPool ?[37mCurrent connections: 3 sleeping: 0?[0m
2017-10-25 15:07:42.781 [?[37mD?[0m] ?[32mPoolConnector ?[37mConnection got from Pool?[0m
2017-10-25 15:07:42.781 [?[37mD?[0m] ?[32mDummyConnector ?[37mIs database open? NO?[0m
2017-10-25 15:07:42.782 [?[37mD?[0m] ?[32mDummyConnector ?[37mDatabase opened?[0m
2017-10-25 15:07:42.783 [?[37mD?[0m] ?[32mPoolConnector ?[37mConnection was opened?[0m
2017-10-25 15:07:42.783 [?[37mD?[0m] ?[32mDB ?[37mConnecting...?[0m
2017-10-25 15:07:42.784 [?[37mV?[0m] ?[32mDBPool ?[37mConnection added to pool?[0m
2017-10-25 15:07:42.784 [?[37mV?[0m] ?[32mDBPool ?[37mCurrent connections: 4 sleeping: 0?[0m
2017-10-25 15:07:42.785 [?[37mD?[0m] ?[32mPoolConnector ?[37mConnection got from Pool?[0m
2017-10-25 15:07:42.785 [?[37mD?[0m] ?[32mDummyConnector ?[37mIs database open? NO?[0m
2017-10-25 15:07:42.786 [?[37mD?[0m] ?[32mDummyConnector ?[37mDatabase opened?[0m
2017-10-25 15:07:42.786 [?[37mD?[0m] ?[32mPoolConnector ?[37mConnection was opened?[0m
2017-10-25 15:07:42.787 [?[37mD?[0m] ?[32mDB ?[37mConnecting...?[0m
2017-10-25 15:07:42.787 [?[37mV?[0m] ?[32mDBPool ?[37mConnection added to pool?[0m
2017-10-25 15:07:42.788 [?[37mV?[0m] ?[32mDBPool ?[37mCurrent connections: 5 sleeping: 0?[0m
2017-10-25 15:07:42.788 [?[37mD?[0m] ?[32mPoolConnector ?[37mConnection got from Pool?[0m
2017-10-25 15:07:42.789 [?[37mD?[0m] ?[32mDummyConnector ?[37mIs database open? NO?[0m
2017-10-25 15:07:42.789 [?[37mD?[0m] ?[32mDummyConnector ?[37mDatabase opened?[0m
2017-10-25 15:07:42.790 [?[37mD?[0m] ?[32mPoolConnector ?[37mConnection was opened?[0m
2017-10-25 15:07:42.790 [?[37mD?[0m] ?[32mDB ?[37mConnecting...?[0m
2017-10-25 15:07:42.791 [?[37mV?[0m] ?[32mDBPool ?[37mConnection added to pool?[0m
2017-10-25 15:07:42.791 [?[37mV?[0m] ?[32mDBPool ?[37mCurrent connections: 6 sleeping: 0?[0m
2017-10-25 15:07:42.792 [?[37mD?[0m] ?[32mPoolConnector ?[37mConnection got from Pool?[0m
2017-10-25 15:07:42.792 [?[37mD?[0m] ?[32mDummyConnector ?[37mIs database open? NO?[0m
2017-10-25 15:07:42.793 [?[37mD?[0m] ?[32mDummyConnector ?[37mDatabase opened?[0m
2017-10-25 15:07:42.793 [?[37mD?[0m] ?[32mPoolConnector ?[37mConnection was opened?[0m
2017-10-25 15:07:42.794 [?[37mD?[0m] ?[32mDB ?[37mConnecting...?[0m
2017-10-25 15:07:42.794 [?[37mV?[0m] ?[32mDBPool ?[37mConnection added to pool?[0m
2017-10-25 15:07:42.795 [?[37mV?[0m] ?[32mDBPool ?[37mCurrent connections: 7 sleeping: 0?[0m
2017-10-25 15:07:42.795 [?[37mD?[0m] ?[32mPoolConnector ?[37mConnection got from Pool?[0m
2017-10-25 15:07:42.795 [?[37mD?[0m] ?[32mDummyConnector ?[37mIs database open? NO?[0m
2017-10-25 15:07:42.796 [?[37mD?[0m] ?[32mDummyConnector ?[37mDatabase opened?[0m
2017-10-25 15:07:42.796 [?[37mD?[0m] ?[32mPoolConnector ?[37mConnection was opened?[0m
2017-10-25 15:07:42.797 [?[37mD?[0m] ?[32mDB ?[37mConnecting...?[0m
2017-10-25 15:07:42.797 [?[37mV?[0m] ?[32mDBPool ?[37mConnection added to pool?[0m
2017-10-25 15:07:42.798 [?[37mV?[0m] ?[32mDBPool ?[37mCurrent connections: 8 sleeping: 0?[0m
2017-10-25 15:07:42.798 [?[37mD?[0m] ?[32mPoolConnector ?[37mConnection got from Pool?[0m
2017-10-25 15:07:42.799 [?[37mD?[0m] ?[32mDummyConnector ?[37mIs database open? NO?[0m
2017-10-25 15:07:42.799 [?[37mD?[0m] ?[32mDummyConnector ?[37mDatabase opened?[0m
2017-10-25 15:07:42.799 [?[37mD?[0m] ?[32mPoolConnector ?[37mConnection was opened?[0m
2017-10-25 15:07:42.800 [?[37mD?[0m] ?[32mDB ?[37mConnecting...?[0m
2017-10-25 15:07:42.800 [?[37mV?[0m] ?[32mDBPool ?[37mConnection added to pool?[0m
2017-10-25 15:07:42.801 [?[37mV?[0m] ?[32mDBPool ?[37mCurrent connections: 9 sleeping: 0?[0m
2017-10-25 15:07:42.801 [?[37mD?[0m] ?[32mPoolConnector ?[37mConnection got from Pool?[0m
2017-10-25 15:07:42.801 [?[37mD?[0m] ?[32mDummyConnector ?[37mIs database open? NO?[0m
2017-10-25 15:07:42.802 [?[37mD?[0m] ?[32mDummyConnector ?[37mDatabase opened?[0m
2017-10-25 15:07:42.802 [?[37mD?[0m] ?[32mPoolConnector ?[37mConnection was opened?[0m
2017-10-25 15:07:42.803 [?[37mD?[0m] ?[32mDB ?[37mConnecting...?[0m
2017-10-25 15:07:42.803 [?[37mV?[0m] ?[32mDBPool ?[37mConnection added to pool?[0m
2017-10-25 15:07:42.804 [?[37mV?[0m] ?[32mDBPool ?[37mCurrent connections: 10 sleeping: 0?[0m
2017-10-25 15:07:42.804 [?[37mD?[0m] ?[32mPoolConnector ?[37mConnection got from Pool?[0m
2017-10-25 15:07:42.804 [?[37mD?[0m] ?[32mDummyConnector ?[37mIs database open? NO?[0m
2017-10-25 15:07:42.805 [?[37mD?[0m] ?[32mDummyConnector ?[37mDatabase opened?[0m
2017-10-25 15:07:42.805 [?[37mD?[0m] ?[32mPoolConnector ?[37mConnection was opened?[0m
2017-10-25 15:07:42.807 [?[37mD?[0m] ?[32mDB ?[37mClosing connection...?[0m
2017-10-25 15:07:42.808 [?[37mD?[0m] ?[32mPoolConnector ?[37mConnection returned.?[0m
2017-10-25 15:07:42.809 [?[37mD?[0m] ?[32mDB ?[37mClosing connection...?[0m
2017-10-25 15:07:42.809 [?[37mD?[0m] ?[32mPoolConnector ?[37mConnection returned.?[0m
2017-10-25 15:07:42.810 [?[37mD?[0m] ?[32mDB ?[37mClosing connection...?[0m
2017-10-25 15:07:42.811 [?[37mD?[0m] ?[32mPoolConnector ?[37mConnection returned.?[0m
2017-10-25 15:07:42.811 [?[37mD?[0m] ?[32mDB ?[37mClosing connection...?[0m
2017-10-25 15:07:42.811 [?[37mD?[0m] ?[32mPoolConnector ?[37mConnection returned.?[0m
2017-10-25 15:07:42.812 [?[37mD?[0m] ?[32mDB ?[37mClosing connection...?[0m
2017-10-25 15:07:42.812 [?[37mD?[0m] ?[32mPoolConnector ?[37mConnection returned.?[0m
2017-10-25 15:07:42.812 [?[37mD?[0m] ?[32mDB ?[37mClosing connection...?[0m
2017-10-25 15:07:42.813 [?[37mD?[0m] ?[32mPoolConnector ?[37mConnection returned.?[0m
2017-10-25 15:07:42.813 [?[37mD?[0m] ?[32mDB ?[37mClosing connection...?[0m
2017-10-25 15:07:42.813 [?[37mD?[0m] ?[32mPoolConnector ?[37mConnection returned.?[0m
2017-10-25 15:07:42.814 [?[37mD?[0m] ?[32mDB ?[37mClosing connection...?[0m
2017-10-25 15:07:42.814 [?[37mD?[0m] ?[32mPoolConnector ?[37mConnection returned.?[0m
2017-10-25 15:07:42.815 [?[37mD?[0m] ?[32mDB ?[37mConnecting...?[0m
2017-10-25 15:07:42.815 [?[37mV?[0m] ?[32mDBPool ?[37mCurrent connections: 3 sleeping: 7?[0m
2017-10-25 15:07:42.816 [?[37mD?[0m] ?[32mPoolConnector ?[37mConnection got from Pool?[0m
2017-10-25 15:07:42.816 [?[37mD?[0m] ?[32mDummyConnector ?[37mIs database open? YES?[0m
2017-10-25 15:07:42.816 [?[37mD?[0m] ?[32mDB ?[37mConnecting...?[0m
2017-10-25 15:07:42.817 [?[37mV?[0m] ?[32mDBPool ?[37mCurrent connections: 4 sleeping: 6?[0m
2017-10-25 15:07:42.817 [?[37mD?[0m] ?[32mPoolConnector ?[37mConnection got from Pool?[0m
2017-10-25 15:07:42.817 [?[37mD?[0m] ?[32mDummyConnector ?[37mIs database open? YES?[0m
2017-10-25 15:07:42.818 [?[37mD?[0m] ?[32mDB ?[37mConnecting...?[0m
2017-10-25 15:07:42.818 [?[37mV?[0m] ?[32mDBPool ?[37mCurrent connections: 5 sleeping: 5?[0m
2017-10-25 15:07:42.819 [?[37mD?[0m] ?[32mPoolConnector ?[37mConnection got from Pool?[0m
2017-10-25 15:07:42.819 [?[37mD?[0m] ?[32mDummyConnector ?[37mIs database open? YES?[0m
2017-10-25 15:07:42.819 [?[37mD?[0m] ?[32mDB ?[37mConnecting...?[0m
2017-10-25 15:07:42.820 [?[37mV?[0m] ?[32mDBPool ?[37mCurrent connections: 6 sleeping: 4?[0m
2017-10-25 15:07:42.820 [?[37mD?[0m] ?[32mPoolConnector ?[37mConnection got from Pool?[0m
2017-10-25 15:07:42.820 [?[37mD?[0m] ?[32mDummyConnector ?[37mIs database open? YES?[0m
2017-10-25 15:07:42.821 [?[37mD?[0m] ?[32mDB ?[37mConnecting...?[0m
2017-10-25 15:07:42.821 [?[37mV?[0m] ?[32mDBPool ?[37mCurrent connections: 7 sleeping: 3?[0m
2017-10-25 15:07:42.822 [?[37mD?[0m] ?[32mPoolConnector ?[37mConnection got from Pool?[0m
2017-10-25 15:07:42.822 [?[37mD?[0m] ?[32mDummyConnector ?[37mIs database open? YES?[0m
2017-10-25 15:07:42.822 [?[37mD?[0m] ?[32mDB ?[37mConnecting...?[0m
2017-10-25 15:07:42.823 [?[37mV?[0m] ?[32mDBPool ?[37mCurrent connections: 8 sleeping: 2?[0m
2017-10-25 15:07:42.823 [?[37mD?[0m] ?[32mPoolConnector ?[37mConnection got from Pool?[0m
2017-10-25 15:07:42.823 [?[37mD?[0m] ?[32mDummyConnector ?[37mIs database open? YES?[0m
2017-10-25 15:07:42.824 [?[37mD?[0m] ?[32mDB ?[37mConnecting...?[0m
2017-10-25 15:07:42.824 [?[37mV?[0m] ?[32mDBPool ?[37mCurrent connections: 9 sleeping: 1?[0m
2017-10-25 15:07:42.824 [?[37mD?[0m] ?[32mPoolConnector ?[37mConnection got from Pool?[0m
2017-10-25 15:07:42.825 [?[37mD?[0m] ?[32mDummyConnector ?[37mIs database open? YES?[0m
2017-10-25 15:07:42.825 [?[37mD?[0m] ?[32mDB ?[37mConnecting...?[0m
2017-10-25 15:07:42.825 [?[37mV?[0m] ?[32mDBPool ?[37mCurrent connections: 10 sleeping: 0?[0m
2017-10-25 15:07:42.826 [?[37mD?[0m] ?[32mPoolConnector ?[37mConnection got from Pool?[0m
2017-10-25 15:07:42.826 [?[37mD?[0m] ?[32mDummyConnector ?[37mIs database open? YES?[0m
2017-10-25 15:07:42.827 [?[37mD?[0m] ?[32mDB ?[37mClosing connection...?[0m
2017-10-25 15:07:42.827 [?[37mD?[0m] ?[32mPoolConnector ?[37mConnection returned.?[0m
2017-10-25 15:07:42.828 [?[37mD?[0m] ?[32mDB ?[37mClosing connection...?[0m
2017-10-25 15:07:42.828 [?[37mD?[0m] ?[32mPoolConnector ?[37mConnection returned.?[0m
2017-10-25 15:07:42.828 [?[37mD?[0m] ?[32mDB ?[37mClosing connection...?[0m
2017-10-25 15:07:42.829 [?[37mD?[0m] ?[32mPoolConnector ?[37mConnection returned.?[0m
2017-10-25 15:07:42.829 [?[37mD?[0m] ?[32mDB ?[37mClosing connection...?[0m
2017-10-25 15:07:42.830 [?[37mD?[0m] ?[32mPoolConnector ?[37mConnection returned.?[0m
2017-10-25 15:07:42.830 [?[37mD?[0m] ?[32mDB ?[37mClosing connection...?[0m
2017-10-25 15:07:42.830 [?[37mD?[0m] ?[32mPoolConnector ?[37mConnection returned.?[0m
2017-10-25 15:07:42.831 [?[37mD?[0m] ?[32mDB ?[37mClosing connection...?[0m
2017-10-25 15:07:42.831 [?[37mD?[0m] ?[32mPoolConnector ?[37mConnection returned.?[0m
2017-10-25 15:07:42.831 [?[37mD?[0m] ?[32mDB ?[37mClosing connection...?[0m
2017-10-25 15:07:42.831 [?[37mD?[0m] ?[32mPoolConnector ?[37mConnection returned.?[0m
2017-10-25 15:07:42.832 [?[37mD?[0m] ?[32mDB ?[37mClosing connection...?[0m
2017-10-25 15:07:42.832 [?[37mD?[0m] ?[32mPoolConnector ?[37mConnection returned.?[0m
2017-10-25 15:07:42.833 [?[37mD?[0m] ?[32mDB ?[37mClosing connection...?[0m
2017-10-25 15:07:42.833 [?[37mD?[0m] ?[32mPoolConnector ?[37mConnection returned.?[0m
2017-10-25 15:07:42.833 [?[37mD?[0m] ?[32mDB ?[37mClosing connection...?[0m
2017-10-25 15:07:42.834 [?[37mD?[0m] ?[32mPoolConnector ?[37mConnection returned.?[0m
2017-10-25 15:07:42.839 [?[37mD?[0m] ?[32mDB ?[37mConnecting...?[0m
2017-10-25 15:07:42.839 [?[37mV?[0m] ?[32mDBPool ?[37mCurrent connections: 1 sleeping: 9?[0m
2017-10-25 15:07:42.839 [?[37mD?[0m] ?[32mPoolConnector ?[37mConnection got from Pool?[0m
2017-10-25 15:07:42.840 [?[37mD?[0m] ?[32mDummyConnector ?[37mIs database open? YES?[0m
2017-10-25 15:07:42.840 [?[37mD?[0m] ?[32mDB ?[37mConnecting...?[0m
2017-10-25 15:07:42.840 [?[37mV?[0m] ?[32mDBPool ?[37mCurrent connections: 2 sleeping: 8?[0m
2017-10-25 15:07:42.840 [?[37mD?[0m] ?[32mPoolConnector ?[37mConnection got from Pool?[0m
2017-10-25 15:07:42.841 [?[37mD?[0m] ?[32mDummyConnector ?[37mIs database open? YES?[0m
2017-10-25 15:07:42.842 [?[37mD?[0m] ?[32mDB ?[37mClosing connection...?[0m
2017-10-25 15:07:42.842 [?[37mD?[0m] ?[32mPoolConnector ?[37mConnection returned.?[0m
2017-10-25 15:07:42.843 [?[37mD?[0m] ?[32mDB ?[37mClosing connection...?[0m
2017-10-25 15:07:42.843 [?[37mD?[0m] ?[32mPoolConnector ?[37mConnection returned.?[0m
]]></system-out>
  <system-err><![CDATA[]]></system-err>
</testsuite>
