<?xml version="1.0" encoding="UTF-8"?>
<testsuite name="jp.sharelock.etc.SysInfoTest" tests="1" skipped="0" failures="0" errors="0" timestamp="2017-10-25T06:07:43" hostname="ilepehost" time="0.002">
  <properties/>
  <testcase name="OS detection" classname="jp.sharelock.etc.SysInfoTest" time="0.002"/>
  <system-out><![CDATA[]]></system-out>
  <system-err><![CDATA[]]></system-err>
</testsuite>
