<?xml version="1.0" encoding="UTF-8"?>
<testsuite name="jp.sharelock.web.HTTPServerTest" tests="1" skipped="0" failures="0" errors="0" timestamp="2017-10-19T07:56:39" hostname="rhino" time="0.652">
  <properties/>
  <testcase name="Serving one file... any file" classname="jp.sharelock.web.HTTPServerTest" time="0.652"/>
  <system-out><![CDATA[2017-10-19 16:56:39.078 [?[36mI?[0m] ?[32mHTTPServer ?[36mHTTP Server [Tomboy 2.1] started on port: 39417 , with root: /home/kaname/Projects/sharelock/common/modules/web/res/public?[0m
2017-10-19 16:56:39.699 [?[36mI?[0m] ?[32mHTTPServer$WorkerRunnable ?[36mHTTPServer	127.0.0.1 [2017-10-19 16:56:39 +0900]  "GET /template.html?title=Hello+World%21 HTTP/1.1" 200 133 "Java/1.8.0_131"?[0m
2017-10-19 16:56:39.700 [?[36mI?[0m] ?[32mHTTPServer ?[36mHTTP Server on port 39417 stopped?[0m
]]></system-out>
  <system-err><![CDATA[]]></system-err>
</testsuite>
