<?xml version="1.0" encoding="UTF-8"?>
<testsuite name="jp.sharelock.web.WebServiceTest" tests="5" skipped="3" failures="0" errors="0" timestamp="2017-10-23T07:41:03" hostname="ilepehost" time="2.088">
  <properties/>
  <testcase name="General Test" classname="jp.sharelock.web.WebServiceTest" time="1.073"/>
  <testcase name="HTTPS" classname="jp.sharelock.web.WebServiceTest" time="0.0">
    <skipped/>
  </testcase>
  <testcase name="Websocket Test" classname="jp.sharelock.web.WebServiceTest" time="1.013"/>
  <testcase name="WebSocket Client" classname="jp.sharelock.web.WebServiceTest" time="0.0">
    <skipped/>
  </testcase>
  <testcase name="WebSocket StackOverflow Client" classname="jp.sharelock.web.WebServiceTest" time="0.0">
    <skipped/>
  </testcase>
  <system-out><![CDATA[RES DIR:/home/lepe/Projects/sharelock/common/modules/web/res/public/
2017-10-23 16:41:03.450 [?[36mI?[0m] ?[32mWebService ?[36mStarting server in port 34414 with pool size of 20?[0m
2017-10-23 16:41:03.477 [?[31mE?[0m] ?[32mWebService ?[31mWebService$_start_closure1 : Interface not implemented?[0m
2017-10-23 16:41:04.486 [?[36mI?[0m] ?[32mWebService ?[36mStopping server running at port: 34414?[0m
2017-10-23 16:41:04.491 [?[36mI?[0m] ?[32mWebService ?[36mStarting server in port 8888 with pool size of 20?[0m
2017-10-23 16:41:05.498 [?[36mI?[0m] ?[32mWebService ?[36mStopping server running at port: 8888?[0m
]]></system-out>
  <system-err><![CDATA[SLF4J: Failed to load class "org.slf4j.impl.StaticLoggerBinder".
SLF4J: Defaulting to no-operation (NOP) logger implementation
SLF4J: See http://www.slf4j.org/codes.html#StaticLoggerBinder for further details.
]]></system-err>
</testsuite>
