<?xml version="1.0" encoding="UTF-8"?>
<testsuite name="jp.sharelock.web.HTTPServerTest" tests="1" skipped="0" failures="0" errors="0" timestamp="2017-10-23T07:41:03" hostname="ilepehost" time="0.294">
  <properties/>
  <testcase name="Serving one file... any file" classname="jp.sharelock.web.HTTPServerTest" time="0.294"/>
  <system-out><![CDATA[2017-10-23 16:41:03.214 [?[36mI?[0m] ?[32mHTTPServer ?[36mHTTP Server [Tomboy 2.1] started on port: 44676 , with root: /home/lepe/Projects/sharelock/common/modules/web/res/public?[0m
2017-10-23 16:41:03.401 [?[36mI?[0m] ?[32mHTTPServer ?[36mHTTPServer$WorkerRunnable : 127.0.0.1 [2017-10-23 16:41:03 +0900]  "GET /template.html?title=Hello+World%21 HTTP/1.1" 200 133 "Java/1.8.0_121"?[0m
2017-10-23 16:41:03.405 [?[36mI?[0m] ?[32mHTTPServer ?[36mHTTP Server on port 44676 stopped?[0m
]]></system-out>
  <system-err><![CDATA[]]></system-err>
</testsuite>
